Arguments: 
  /home/colemanem/.nvm/versions/node/v15.14.0/bin/node /home/colemanem/.yarn/bin/yarn.js add expo

PATH: 
  /home/colemanem/.yarn/bin:/home/colemanem/.config/yarn/global/node_modules/.bin:/home/colemanem/.nvm/versions/node/v15.14.0/bin:/usr/local/sbin:/usr/local/bin:/usr/sbin:/usr/bin:/sbin:/bin:/usr/games:/usr/local/games:/mnt/c/Program Files/WindowsApps/CanonicalGroupLimited.Ubuntu18.04onWindows_1804.2020.824.0_x64__79rhkp1fndgsc:/mnt/c/Python39/Scripts/:/mnt/c/Python39/:/mnt/c/WINDOWS/system32:/mnt/c/WINDOWS:/mnt/c/WINDOWS/System32/Wbem:/mnt/c/WINDOWS/System32/WindowsPowerShell/v1.0/:/mnt/c/WINDOWS/System32/OpenSSH/:/mnt/c/ProgramData/chocolatey/bin:/mnt/c/Program Files/nodejs/:/mnt/c/Users/17col/AppData/Local/Microsoft/WindowsApps:/mnt/c/Users/17col/AppData/Local/Programs/Microsoft VS Code/bin:/mnt/c/Users/17col/AppData/Roaming/npm:/snap/bin

Yarn version: 
  1.22.5

Node version: 
  15.14.0

Platform: 
  linux x64

Trace: 
  Error: EACCES: permission denied, mkdir '/home/colemanem/digital_i_ching/node_modules/@babel/core/node_modules/debug'

npm manifest: 
  {
    "main": "node_modules/expo/AppEntry.js",
    "scripts": {
      "start": "expo start",
      "android": "expo start --android",
      "ios": "expo start --ios",
      "web": "expo start --web",
      "eject": "expo eject"
    },
    "dependencies": {
      "@react-native-async-storage/async-storage": "^1.13.4",
      "@react-native-community/async-storage": "^1.12.1",
      "@react-native-community/masked-view": "^0.1.10",
      "@react-navigation/native": "^5.8.9",
      "@react-navigation/stack": "^5.12.6",
      "aws-amplify": "^3.3.20",
      "aws-amplify-react": "^4.2.24",
      "expo": "^40.0.1",
      "expo-status-bar": "~1.0.2",
      "react": "^16.14.0",
      "react-dom": "16.13.1",
      "react-native": "https://github.com/expo/react-native/archive/sdk-39.0.3.tar.gz",
      "react-native-elements": "^3.3.2",
      "react-native-fs": "^2.16.6",
      "react-native-gesture-handler": "^1.7.0",
      "react-native-paper": "^4.7.2",
      "react-native-reanimated": "^2.0.0",
      "react-native-safe-area-context": "^3.1.9",
      "react-native-screens": "^2.14.0",
      "react-native-vector-icons": "^8.1.0",
      "react-native-web": "^0.15.0",
      "react-native-webview": "11.0.0",
      "react-navigation": "^4.4.2",
      "react-navigator": "0.0.0-0",
      "semver": "^7.3.2"
    },
    "devDependencies": {
      "@babel/core": "~7.9.0"
    },
    "compilerOptions": {
      "baseUrl": ".",
      "paths": {
        "ClientApp/*": [
          "./I-Ching/*"
        ]
      }
    },
    "private": true
  }

yarn manifest: 
  No manifest

Lockfile: 
  No lockfile
